[Machine 1] 2025/03/04 22:17:34.920281 Created machine with clock rate: 2 ticks per second, event range: 1-5
[Machine 1] 2025/03/04 22:17:34.920869 Connected to machine 0 at port 28000
[Machine 1] 2025/03/04 22:17:34.920966 Connected to machine 2 at port 28002
[Machine 1] 2025/03/04 22:17:34.921250 Machine 1 started
[Machine 1] 2025/03/04 22:17:35.422613 RECEIVE from Machine 2 | System time: Mar  4 22:17:35.422 | Queue length: 1 | Logical clock: 2
[Machine 1] 2025/03/04 22:17:35.922361 RECEIVE from Machine 0 | System time: Mar  4 22:17:35.922 | Queue length: 1 | Logical clock: 3
[Machine 1] 2025/03/04 22:17:36.422359 RECEIVE from Machine 2 | System time: Mar  4 22:17:36.422 | Queue length: 2 | Logical clock: 4
[Machine 1] 2025/03/04 22:17:36.922367 RECEIVE from Machine 0 | System time: Mar  4 22:17:36.922 | Queue length: 1 | Logical clock: 5
[Machine 1] 2025/03/04 22:17:37.431988 RECEIVE from Machine 2 | System time: Mar  4 22:17:37.431 | Queue length: 0 | Logical clock: 6
[Machine 1] 2025/03/04 22:17:37.921749 RECEIVE from Machine 2 | System time: Mar  4 22:17:37.921 | Queue length: 1 | Logical clock: 11
[Machine 1] 2025/03/04 22:17:38.422374 RECEIVE from Machine 2 | System time: Mar  4 22:17:38.422 | Queue length: 1 | Logical clock: 12
[Machine 1] 2025/03/04 22:17:38.922859 RECEIVE from Machine 0 | System time: Mar  4 22:17:38.922 | Queue length: 0 | Logical clock: 14
[Machine 1] 2025/03/04 22:17:39.422874 RECEIVE from Machine 0 | System time: Mar  4 22:17:39.422 | Queue length: 0 | Logical clock: 19
[Machine 1] 2025/03/04 22:17:39.922321 INTERNAL EVENT | System time: Mar  4 22:17:39.922 | Logical clock: 20
[Machine 1] 2025/03/04 22:17:40.421742 RECEIVE from Machine 2 | System time: Mar  4 22:17:40.421 | Queue length: 1 | Logical clock: 21
[Machine 1] 2025/03/04 22:17:40.922763 RECEIVE from Machine 0 | System time: Mar  4 22:17:40.922 | Queue length: 0 | Logical clock: 22
[Machine 1] 2025/03/04 22:17:41.421915 RECEIVE from Machine 0 | System time: Mar  4 22:17:41.421 | Queue length: 0 | Logical clock: 27
[Machine 1] 2025/03/04 22:17:41.923783 RECEIVE from Machine 2 | System time: Mar  4 22:17:41.923 | Queue length: 1 | Logical clock: 29
[Machine 1] 2025/03/04 22:17:42.422370 RECEIVE from Machine 0 | System time: Mar  4 22:17:42.422 | Queue length: 2 | Logical clock: 30
[Machine 1] 2025/03/04 22:17:42.922236 RECEIVE from Machine 2 | System time: Mar  4 22:17:42.922 | Queue length: 2 | Logical clock: 31
[Machine 1] 2025/03/04 22:17:43.422331 RECEIVE from Machine 0 | System time: Mar  4 22:17:43.422 | Queue length: 1 | Logical clock: 32
[Machine 1] 2025/03/04 22:17:43.922356 RECEIVE from Machine 0 | System time: Mar  4 22:17:43.922 | Queue length: 1 | Logical clock: 33
[Machine 1] 2025/03/04 22:17:44.421743 RECEIVE from Machine 0 | System time: Mar  4 22:17:44.421 | Queue length: 1 | Logical clock: 37
[Machine 1] 2025/03/04 22:17:44.923288 RECEIVE from Machine 0 | System time: Mar  4 22:17:44.923 | Queue length: 3 | Logical clock: 38
[Machine 1] 2025/03/04 22:17:45.422369 RECEIVE from Machine 0 | System time: Mar  4 22:17:45.422 | Queue length: 2 | Logical clock: 41
[Machine 1] 2025/03/04 22:17:45.922553 RECEIVE from Machine 2 | System time: Mar  4 22:17:45.922 | Queue length: 2 | Logical clock: 42
[Machine 1] 2025/03/04 22:17:46.422581 RECEIVE from Machine 0 | System time: Mar  4 22:17:46.422 | Queue length: 1 | Logical clock: 43
[Machine 1] 2025/03/04 22:17:46.923119 RECEIVE from Machine 0 | System time: Mar  4 22:17:46.923 | Queue length: 2 | Logical clock: 45
[Machine 1] 2025/03/04 22:17:47.421613 RECEIVE from Machine 0 | System time: Mar  4 22:17:47.421 | Queue length: 2 | Logical clock: 48
[Machine 1] 2025/03/04 22:17:47.922394 RECEIVE from Machine 2 | System time: Mar  4 22:17:47.922 | Queue length: 2 | Logical clock: 49
[Machine 1] 2025/03/04 22:17:48.422936 RECEIVE from Machine 2 | System time: Mar  4 22:17:48.422 | Queue length: 2 | Logical clock: 52
[Machine 1] 2025/03/04 22:17:48.922348 RECEIVE from Machine 2 | System time: Mar  4 22:17:48.922 | Queue length: 1 | Logical clock: 54
[Machine 1] 2025/03/04 22:17:49.421445 RECEIVE from Machine 2 | System time: Mar  4 22:17:49.421 | Queue length: 1 | Logical clock: 55
[Machine 1] 2025/03/04 22:17:49.922527 RECEIVE from Machine 2 | System time: Mar  4 22:17:49.922 | Queue length: 2 | Logical clock: 60
[Machine 1] 2025/03/04 22:17:50.422192 RECEIVE from Machine 0 | System time: Mar  4 22:17:50.422 | Queue length: 2 | Logical clock: 62
[Machine 1] 2025/03/04 22:17:50.922401 RECEIVE from Machine 2 | System time: Mar  4 22:17:50.922 | Queue length: 3 | Logical clock: 63
[Machine 1] 2025/03/04 22:17:51.422335 RECEIVE from Machine 0 | System time: Mar  4 22:17:51.422 | Queue length: 4 | Logical clock: 64
[Machine 1] 2025/03/04 22:17:51.922273 RECEIVE from Machine 0 | System time: Mar  4 22:17:51.922 | Queue length: 4 | Logical clock: 66
[Machine 1] 2025/03/04 22:17:52.422445 RECEIVE from Machine 0 | System time: Mar  4 22:17:52.422 | Queue length: 3 | Logical clock: 67
[Machine 1] 2025/03/04 22:17:52.922458 RECEIVE from Machine 0 | System time: Mar  4 22:17:52.922 | Queue length: 2 | Logical clock: 68
[Machine 1] 2025/03/04 22:17:53.422457 RECEIVE from Machine 0 | System time: Mar  4 22:17:53.422 | Queue length: 2 | Logical clock: 69
[Machine 1] 2025/03/04 22:17:53.922447 RECEIVE from Machine 0 | System time: Mar  4 22:17:53.922 | Queue length: 1 | Logical clock: 71
[Machine 1] 2025/03/04 22:17:54.422377 RECEIVE from Machine 0 | System time: Mar  4 22:17:54.422 | Queue length: 1 | Logical clock: 76
[Machine 1] 2025/03/04 22:17:54.922422 RECEIVE from Machine 2 | System time: Mar  4 22:17:54.922 | Queue length: 2 | Logical clock: 80
[Machine 1] 2025/03/04 22:17:55.422317 RECEIVE from Machine 0 | System time: Mar  4 22:17:55.422 | Queue length: 2 | Logical clock: 83
[Machine 1] 2025/03/04 22:17:55.923048 RECEIVE from Machine 0 | System time: Mar  4 22:17:55.923 | Queue length: 2 | Logical clock: 84
[Machine 1] 2025/03/04 22:17:56.422466 RECEIVE from Machine 0 | System time: Mar  4 22:17:56.422 | Queue length: 2 | Logical clock: 86
[Machine 1] 2025/03/04 22:17:56.922328 RECEIVE from Machine 2 | System time: Mar  4 22:17:56.922 | Queue length: 2 | Logical clock: 87
[Machine 1] 2025/03/04 22:17:57.422354 RECEIVE from Machine 0 | System time: Mar  4 22:17:57.422 | Queue length: 2 | Logical clock: 90
[Machine 1] 2025/03/04 22:17:57.922445 RECEIVE from Machine 0 | System time: Mar  4 22:17:57.922 | Queue length: 2 | Logical clock: 91
[Machine 1] 2025/03/04 22:17:58.422869 RECEIVE from Machine 2 | System time: Mar  4 22:17:58.422 | Queue length: 2 | Logical clock: 93
[Machine 1] 2025/03/04 22:17:58.921710 RECEIVE from Machine 0 | System time: Mar  4 22:17:58.921 | Queue length: 1 | Logical clock: 96
[Machine 1] 2025/03/04 22:17:59.422467 RECEIVE from Machine 0 | System time: Mar  4 22:17:59.422 | Queue length: 1 | Logical clock: 97
[Machine 1] 2025/03/04 22:17:59.922497 RECEIVE from Machine 2 | System time: Mar  4 22:17:59.922 | Queue length: 1 | Logical clock: 101
[Machine 1] 2025/03/04 22:18:00.423210 RECEIVE from Machine 2 | System time: Mar  4 22:18:00.423 | Queue length: 2 | Logical clock: 104
[Machine 1] 2025/03/04 22:18:00.922766 RECEIVE from Machine 2 | System time: Mar  4 22:18:00.922 | Queue length: 2 | Logical clock: 107
[Machine 1] 2025/03/04 22:18:01.421519 RECEIVE from Machine 0 | System time: Mar  4 22:18:01.421 | Queue length: 3 | Logical clock: 108
[Machine 1] 2025/03/04 22:18:01.922342 RECEIVE from Machine 0 | System time: Mar  4 22:18:01.922 | Queue length: 3 | Logical clock: 109
[Machine 1] 2025/03/04 22:18:02.422495 RECEIVE from Machine 0 | System time: Mar  4 22:18:02.422 | Queue length: 3 | Logical clock: 110
[Machine 1] 2025/03/04 22:18:02.921695 RECEIVE from Machine 0 | System time: Mar  4 22:18:02.921 | Queue length: 2 | Logical clock: 111
[Machine 1] 2025/03/04 22:18:03.422548 RECEIVE from Machine 0 | System time: Mar  4 22:18:03.422 | Queue length: 1 | Logical clock: 113
[Machine 1] 2025/03/04 22:18:03.922944 RECEIVE from Machine 0 | System time: Mar  4 22:18:03.922 | Queue length: 2 | Logical clock: 115
[Machine 1] 2025/03/04 22:18:04.423142 RECEIVE from Machine 2 | System time: Mar  4 22:18:04.423 | Queue length: 1 | Logical clock: 121
[Machine 1] 2025/03/04 22:18:04.922661 RECEIVE from Machine 0 | System time: Mar  4 22:18:04.922 | Queue length: 0 | Logical clock: 122
[Machine 1] 2025/03/04 22:18:05.422935 SEND to Machine 2 | System time: Mar  4 22:18:05.422 | Logical clock: 123
[Machine 1] 2025/03/04 22:18:05.922285 RECEIVE from Machine 2 | System time: Mar  4 22:18:05.922 | Queue length: 0 | Logical clock: 129
[Machine 1] 2025/03/04 22:18:06.423005 RECEIVE from Machine 0 | System time: Mar  4 22:18:06.422 | Queue length: 0 | Logical clock: 131
[Machine 1] 2025/03/04 22:18:06.922420 RECEIVE from Machine 0 | System time: Mar  4 22:18:06.922 | Queue length: 0 | Logical clock: 133
[Machine 1] 2025/03/04 22:18:07.424603 RECEIVE from Machine 0 | System time: Mar  4 22:18:07.424 | Queue length: 2 | Logical clock: 135
[Machine 1] 2025/03/04 22:18:07.922376 RECEIVE from Machine 2 | System time: Mar  4 22:18:07.922 | Queue length: 1 | Logical clock: 136
[Machine 1] 2025/03/04 22:18:08.422510 RECEIVE from Machine 0 | System time: Mar  4 22:18:08.422 | Queue length: 0 | Logical clock: 137
[Machine 1] 2025/03/04 22:18:08.922996 MULTICAST | System time: Mar  4 22:18:08.922 | Logical clock: 138
[Machine 1] 2025/03/04 22:18:09.423394 MULTICAST | System time: Mar  4 22:18:09.423 | Logical clock: 139
[Machine 1] 2025/03/04 22:18:09.922370 RECEIVE from Machine 2 | System time: Mar  4 22:18:09.922 | Queue length: 0 | Logical clock: 145
[Machine 1] 2025/03/04 22:18:10.422815 SEND to Machine 2 | System time: Mar  4 22:18:10.422 | Logical clock: 146
[Machine 1] 2025/03/04 22:18:10.922484 RECEIVE from Machine 0 | System time: Mar  4 22:18:10.922 | Queue length: 1 | Logical clock: 150
[Machine 1] 2025/03/04 22:18:11.422799 RECEIVE from Machine 2 | System time: Mar  4 22:18:11.422 | Queue length: 0 | Logical clock: 151
[Machine 1] 2025/03/04 22:18:11.922403 RECEIVE from Machine 2 | System time: Mar  4 22:18:11.922 | Queue length: 0 | Logical clock: 154
[Machine 1] 2025/03/04 22:18:12.422358 RECEIVE from Machine 0 | System time: Mar  4 22:18:12.422 | Queue length: 1 | Logical clock: 156
[Machine 1] 2025/03/04 22:18:12.924054 RECEIVE from Machine 0 | System time: Mar  4 22:18:12.923 | Queue length: 1 | Logical clock: 157
[Machine 1] 2025/03/04 22:18:13.422356 RECEIVE from Machine 2 | System time: Mar  4 22:18:13.422 | Queue length: 3 | Logical clock: 159
[Machine 1] 2025/03/04 22:18:13.922495 RECEIVE from Machine 0 | System time: Mar  4 22:18:13.922 | Queue length: 3 | Logical clock: 160
[Machine 1] 2025/03/04 22:18:14.422363 RECEIVE from Machine 0 | System time: Mar  4 22:18:14.422 | Queue length: 4 | Logical clock: 161
[Machine 1] 2025/03/04 22:18:14.922216 RECEIVE from Machine 2 | System time: Mar  4 22:18:14.922 | Queue length: 5 | Logical clock: 162
[Machine 1] 2025/03/04 22:18:15.422451 RECEIVE from Machine 2 | System time: Mar  4 22:18:15.422 | Queue length: 7 | Logical clock: 163
[Machine 1] 2025/03/04 22:18:15.922402 RECEIVE from Machine 2 | System time: Mar  4 22:18:15.922 | Queue length: 9 | Logical clock: 164
[Machine 1] 2025/03/04 22:18:16.422424 RECEIVE from Machine 2 | System time: Mar  4 22:18:16.422 | Queue length: 9 | Logical clock: 165
[Machine 1] 2025/03/04 22:18:16.922349 RECEIVE from Machine 2 | System time: Mar  4 22:18:16.922 | Queue length: 10 | Logical clock: 166
[Machine 1] 2025/03/04 22:18:17.423437 RECEIVE from Machine 0 | System time: Mar  4 22:18:17.423 | Queue length: 11 | Logical clock: 168
[Machine 1] 2025/03/04 22:18:17.922342 RECEIVE from Machine 0 | System time: Mar  4 22:18:17.922 | Queue length: 11 | Logical clock: 169
[Machine 1] 2025/03/04 22:18:18.422370 RECEIVE from Machine 0 | System time: Mar  4 22:18:18.422 | Queue length: 11 | Logical clock: 170
[Machine 1] 2025/03/04 22:18:18.922439 RECEIVE from Machine 2 | System time: Mar  4 22:18:18.922 | Queue length: 12 | Logical clock: 171
[Machine 1] 2025/03/04 22:18:19.422714 RECEIVE from Machine 2 | System time: Mar  4 22:18:19.422 | Queue length: 13 | Logical clock: 172
[Machine 1] 2025/03/04 22:18:19.922761 RECEIVE from Machine 0 | System time: Mar  4 22:18:19.922 | Queue length: 13 | Logical clock: 173
[Machine 1] 2025/03/04 22:18:20.422502 RECEIVE from Machine 0 | System time: Mar  4 22:18:20.422 | Queue length: 14 | Logical clock: 174
[Machine 1] 2025/03/04 22:18:20.922416 RECEIVE from Machine 2 | System time: Mar  4 22:18:20.922 | Queue length: 14 | Logical clock: 175
[Machine 1] 2025/03/04 22:18:21.421776 RECEIVE from Machine 2 | System time: Mar  4 22:18:21.421 | Queue length: 14 | Logical clock: 176
[Machine 1] 2025/03/04 22:18:21.922680 RECEIVE from Machine 0 | System time: Mar  4 22:18:21.922 | Queue length: 14 | Logical clock: 177
[Machine 1] 2025/03/04 22:18:22.422410 RECEIVE from Machine 0 | System time: Mar  4 22:18:22.422 | Queue length: 14 | Logical clock: 178
[Machine 1] 2025/03/04 22:18:22.921657 RECEIVE from Machine 0 | System time: Mar  4 22:18:22.921 | Queue length: 13 | Logical clock: 179
[Machine 1] 2025/03/04 22:18:23.421623 RECEIVE from Machine 0 | System time: Mar  4 22:18:23.421 | Queue length: 14 | Logical clock: 180
[Machine 1] 2025/03/04 22:18:23.922549 RECEIVE from Machine 0 | System time: Mar  4 22:18:23.922 | Queue length: 16 | Logical clock: 181
[Machine 1] 2025/03/04 22:18:24.422918 RECEIVE from Machine 0 | System time: Mar  4 22:18:24.422 | Queue length: 16 | Logical clock: 184
[Machine 1] 2025/03/04 22:18:24.922511 RECEIVE from Machine 2 | System time: Mar  4 22:18:24.922 | Queue length: 17 | Logical clock: 185
[Machine 1] 2025/03/04 22:18:25.421769 RECEIVE from Machine 2 | System time: Mar  4 22:18:25.421 | Queue length: 17 | Logical clock: 186
[Machine 1] 2025/03/04 22:18:25.921740 RECEIVE from Machine 0 | System time: Mar  4 22:18:25.921 | Queue length: 17 | Logical clock: 187
[Machine 1] 2025/03/04 22:18:26.421746 RECEIVE from Machine 2 | System time: Mar  4 22:18:26.421 | Queue length: 18 | Logical clock: 188
[Machine 1] 2025/03/04 22:18:26.921815 RECEIVE from Machine 2 | System time: Mar  4 22:18:26.921 | Queue length: 17 | Logical clock: 189
[Machine 1] 2025/03/04 22:18:27.422442 RECEIVE from Machine 0 | System time: Mar  4 22:18:27.422 | Queue length: 18 | Logical clock: 190
[Machine 1] 2025/03/04 22:18:27.922447 RECEIVE from Machine 0 | System time: Mar  4 22:18:27.922 | Queue length: 18 | Logical clock: 191
[Machine 1] 2025/03/04 22:18:28.422358 RECEIVE from Machine 0 | System time: Mar  4 22:18:28.422 | Queue length: 18 | Logical clock: 193
[Machine 1] 2025/03/04 22:18:28.923790 RECEIVE from Machine 0 | System time: Mar  4 22:18:28.923 | Queue length: 18 | Logical clock: 196
[Machine 1] 2025/03/04 22:18:29.422006 RECEIVE from Machine 0 | System time: Mar  4 22:18:29.421 | Queue length: 19 | Logical clock: 198
[Machine 1] 2025/03/04 22:18:29.922483 RECEIVE from Machine 0 | System time: Mar  4 22:18:29.922 | Queue length: 18 | Logical clock: 201
[Machine 1] 2025/03/04 22:18:30.423248 RECEIVE from Machine 2 | System time: Mar  4 22:18:30.423 | Queue length: 21 | Logical clock: 202
[Machine 1] 2025/03/04 22:18:30.922044 RECEIVE from Machine 0 | System time: Mar  4 22:18:30.922 | Queue length: 22 | Logical clock: 203
[Machine 1] 2025/03/04 22:18:31.421802 RECEIVE from Machine 2 | System time: Mar  4 22:18:31.421 | Queue length: 23 | Logical clock: 204
[Machine 1] 2025/03/04 22:18:31.922017 RECEIVE from Machine 0 | System time: Mar  4 22:18:31.921 | Queue length: 24 | Logical clock: 205
[Machine 1] 2025/03/04 22:18:32.427474 RECEIVE from Machine 0 | System time: Mar  4 22:18:32.427 | Queue length: 26 | Logical clock: 206
[Machine 1] 2025/03/04 22:18:32.922077 RECEIVE from Machine 2 | System time: Mar  4 22:18:32.922 | Queue length: 27 | Logical clock: 207
[Machine 1] 2025/03/04 22:18:33.422206 RECEIVE from Machine 0 | System time: Mar  4 22:18:33.422 | Queue length: 28 | Logical clock: 208
[Machine 1] 2025/03/04 22:18:33.922148 RECEIVE from Machine 0 | System time: Mar  4 22:18:33.922 | Queue length: 29 | Logical clock: 209
[Machine 1] 2025/03/04 22:18:34.422431 RECEIVE from Machine 0 | System time: Mar  4 22:18:34.422 | Queue length: 30 | Logical clock: 211
[Machine 1] 2025/03/04 22:18:34.922196 RECEIVE from Machine 0 | System time: Mar  4 22:18:34.922 | Queue length: 31 | Logical clock: 213
