[Machine 1] 2025/03/04 15:22:47.933541 Created machine with clock rate: 4 ticks per second, event range: 1-10
[Machine 1] 2025/03/04 15:22:47.934159 Connected to machine 0 at port 28000
[Machine 1] 2025/03/04 15:22:47.934299 Connected to machine 2 at port 28002
[Machine 1] 2025/03/04 15:22:47.934561 Machine 1 started
[Machine 1] 2025/03/04 15:22:48.184813 RECEIVE from Machine 0 | System time: Mar  4 15:22:48.184 | Queue length: 0 | Logical clock: 2
[Machine 1] 2025/03/04 15:22:48.435684 RECEIVE from Machine 0 | System time: Mar  4 15:22:48.435 | Queue length: 0 | Logical clock: 3
[Machine 1] 2025/03/04 15:22:48.685700 INTERNAL EVENT | System time: Mar  4 15:22:48.685 | Logical clock: 4
[Machine 1] 2025/03/04 15:22:48.935823 SEND to Machine 0 | System time: Mar  4 15:22:48.935 | Logical clock: 5
[Machine 1] 2025/03/04 15:22:49.195246 RECEIVE from Machine 0 | System time: Mar  4 15:22:49.195 | Queue length: 0 | Logical clock: 6
[Machine 1] 2025/03/04 15:22:49.436756 RECEIVE from Machine 2 | System time: Mar  4 15:22:49.436 | Queue length: 0 | Logical clock: 8
[Machine 1] 2025/03/04 15:22:49.685672 INTERNAL EVENT | System time: Mar  4 15:22:49.685 | Logical clock: 9
[Machine 1] 2025/03/04 15:22:49.935616 MULTICAST | System time: Mar  4 15:22:49.935 | Logical clock: 10
[Machine 1] 2025/03/04 15:22:50.185814 MULTICAST | System time: Mar  4 15:22:50.185 | Logical clock: 11
[Machine 1] 2025/03/04 15:22:50.435689 INTERNAL EVENT | System time: Mar  4 15:22:50.435 | Logical clock: 12
[Machine 1] 2025/03/04 15:22:50.686432 INTERNAL EVENT | System time: Mar  4 15:22:50.686 | Logical clock: 13
[Machine 1] 2025/03/04 15:22:50.936409 RECEIVE from Machine 0 | System time: Mar  4 15:22:50.936 | Queue length: 0 | Logical clock: 15
[Machine 1] 2025/03/04 15:22:51.186160 INTERNAL EVENT | System time: Mar  4 15:22:51.186 | Logical clock: 16
[Machine 1] 2025/03/04 15:22:51.435819 SEND to Machine 2 | System time: Mar  4 15:22:51.435 | Logical clock: 17
[Machine 1] 2025/03/04 15:22:51.686498 INTERNAL EVENT | System time: Mar  4 15:22:51.686 | Logical clock: 18
[Machine 1] 2025/03/04 15:22:51.935420 RECEIVE from Machine 0 | System time: Mar  4 15:22:51.935 | Queue length: 0 | Logical clock: 20
[Machine 1] 2025/03/04 15:22:52.185753 RECEIVE from Machine 2 | System time: Mar  4 15:22:52.185 | Queue length: 0 | Logical clock: 22
[Machine 1] 2025/03/04 15:22:52.435744 INTERNAL EVENT | System time: Mar  4 15:22:52.435 | Logical clock: 23
[Machine 1] 2025/03/04 15:22:52.685705 RECEIVE from Machine 0 | System time: Mar  4 15:22:52.685 | Queue length: 0 | Logical clock: 24
[Machine 1] 2025/03/04 15:22:52.936695 SEND to Machine 2 | System time: Mar  4 15:22:52.936 | Logical clock: 25
[Machine 1] 2025/03/04 15:22:53.188337 INTERNAL EVENT | System time: Mar  4 15:22:53.188 | Logical clock: 26
[Machine 1] 2025/03/04 15:22:53.436083 INTERNAL EVENT | System time: Mar  4 15:22:53.436 | Logical clock: 27
[Machine 1] 2025/03/04 15:22:53.685452 INTERNAL EVENT | System time: Mar  4 15:22:53.685 | Logical clock: 28
[Machine 1] 2025/03/04 15:22:53.936064 INTERNAL EVENT | System time: Mar  4 15:22:53.936 | Logical clock: 29
[Machine 1] 2025/03/04 15:22:54.184939 RECEIVE from Machine 0 | System time: Mar  4 15:22:54.184 | Queue length: 0 | Logical clock: 31
[Machine 1] 2025/03/04 15:22:54.435715 INTERNAL EVENT | System time: Mar  4 15:22:54.435 | Logical clock: 32
[Machine 1] 2025/03/04 15:22:54.687237 INTERNAL EVENT | System time: Mar  4 15:22:54.687 | Logical clock: 33
[Machine 1] 2025/03/04 15:22:54.936273 INTERNAL EVENT | System time: Mar  4 15:22:54.936 | Logical clock: 34
[Machine 1] 2025/03/04 15:22:55.185968 INTERNAL EVENT | System time: Mar  4 15:22:55.185 | Logical clock: 35
[Machine 1] 2025/03/04 15:22:55.435416 SEND to Machine 0 | System time: Mar  4 15:22:55.435 | Logical clock: 36
[Machine 1] 2025/03/04 15:22:55.686055 SEND to Machine 2 | System time: Mar  4 15:22:55.686 | Logical clock: 37
[Machine 1] 2025/03/04 15:22:55.938775 INTERNAL EVENT | System time: Mar  4 15:22:55.938 | Logical clock: 38
[Machine 1] 2025/03/04 15:22:56.186035 INTERNAL EVENT | System time: Mar  4 15:22:56.186 | Logical clock: 39
[Machine 1] 2025/03/04 15:22:56.435579 INTERNAL EVENT | System time: Mar  4 15:22:56.435 | Logical clock: 40
[Machine 1] 2025/03/04 15:22:56.688176 INTERNAL EVENT | System time: Mar  4 15:22:56.688 | Logical clock: 41
[Machine 1] 2025/03/04 15:22:56.935918 INTERNAL EVENT | System time: Mar  4 15:22:56.935 | Logical clock: 42
[Machine 1] 2025/03/04 15:22:57.185766 RECEIVE from Machine 0 | System time: Mar  4 15:22:57.185 | Queue length: 0 | Logical clock: 46
[Machine 1] 2025/03/04 15:22:57.435769 INTERNAL EVENT | System time: Mar  4 15:22:57.435 | Logical clock: 47
[Machine 1] 2025/03/04 15:22:57.686026 INTERNAL EVENT | System time: Mar  4 15:22:57.686 | Logical clock: 48
[Machine 1] 2025/03/04 15:22:57.935733 RECEIVE from Machine 0 | System time: Mar  4 15:22:57.935 | Queue length: 0 | Logical clock: 50
[Machine 1] 2025/03/04 15:22:58.185739 RECEIVE from Machine 0 | System time: Mar  4 15:22:58.185 | Queue length: 0 | Logical clock: 51
[Machine 1] 2025/03/04 15:22:58.436402 INTERNAL EVENT | System time: Mar  4 15:22:58.436 | Logical clock: 52
[Machine 1] 2025/03/04 15:22:58.685296 RECEIVE from Machine 2 | System time: Mar  4 15:22:58.685 | Queue length: 0 | Logical clock: 53
[Machine 1] 2025/03/04 15:22:58.936369 MULTICAST | System time: Mar  4 15:22:58.936 | Logical clock: 54
[Machine 1] 2025/03/04 15:22:59.185818 RECEIVE from Machine 0 | System time: Mar  4 15:22:59.185 | Queue length: 0 | Logical clock: 56
[Machine 1] 2025/03/04 15:22:59.436191 SEND to Machine 2 | System time: Mar  4 15:22:59.436 | Logical clock: 57
[Machine 1] 2025/03/04 15:22:59.685193 INTERNAL EVENT | System time: Mar  4 15:22:59.685 | Logical clock: 58
[Machine 1] 2025/03/04 15:22:59.935675 SEND to Machine 2 | System time: Mar  4 15:22:59.935 | Logical clock: 59
[Machine 1] 2025/03/04 15:23:00.185796 RECEIVE from Machine 0 | System time: Mar  4 15:23:00.185 | Queue length: 0 | Logical clock: 61
[Machine 1] 2025/03/04 15:23:00.435120 SEND to Machine 2 | System time: Mar  4 15:23:00.435 | Logical clock: 62
[Machine 1] 2025/03/04 15:23:00.688374 MULTICAST | System time: Mar  4 15:23:00.688 | Logical clock: 63
[Machine 1] 2025/03/04 15:23:00.936048 INTERNAL EVENT | System time: Mar  4 15:23:00.935 | Logical clock: 64
[Machine 1] 2025/03/04 15:23:01.186797 INTERNAL EVENT | System time: Mar  4 15:23:01.186 | Logical clock: 65
[Machine 1] 2025/03/04 15:23:01.436801 INTERNAL EVENT | System time: Mar  4 15:23:01.436 | Logical clock: 66
[Machine 1] 2025/03/04 15:23:01.686183 INTERNAL EVENT | System time: Mar  4 15:23:01.686 | Logical clock: 67
[Machine 1] 2025/03/04 15:23:01.936959 RECEIVE from Machine 2 | System time: Mar  4 15:23:01.936 | Queue length: 0 | Logical clock: 69
[Machine 1] 2025/03/04 15:23:02.185079 INTERNAL EVENT | System time: Mar  4 15:23:02.185 | Logical clock: 70
[Machine 1] 2025/03/04 15:23:02.435191 RECEIVE from Machine 0 | System time: Mar  4 15:23:02.435 | Queue length: 0 | Logical clock: 73
[Machine 1] 2025/03/04 15:23:02.685882 RECEIVE from Machine 2 | System time: Mar  4 15:23:02.685 | Queue length: 1 | Logical clock: 74
[Machine 1] 2025/03/04 15:23:02.935677 RECEIVE from Machine 0 | System time: Mar  4 15:23:02.935 | Queue length: 0 | Logical clock: 75
[Machine 1] 2025/03/04 15:23:03.185869 INTERNAL EVENT | System time: Mar  4 15:23:03.185 | Logical clock: 76
[Machine 1] 2025/03/04 15:23:03.435379 RECEIVE from Machine 2 | System time: Mar  4 15:23:03.435 | Queue length: 0 | Logical clock: 77
[Machine 1] 2025/03/04 15:23:03.686154 RECEIVE from Machine 0 | System time: Mar  4 15:23:03.686 | Queue length: 0 | Logical clock: 79
[Machine 1] 2025/03/04 15:23:03.937704 MULTICAST | System time: Mar  4 15:23:03.937 | Logical clock: 80
[Machine 1] 2025/03/04 15:23:04.186467 SEND to Machine 2 | System time: Mar  4 15:23:04.186 | Logical clock: 81
[Machine 1] 2025/03/04 15:23:04.436394 SEND to Machine 2 | System time: Mar  4 15:23:04.436 | Logical clock: 82
[Machine 1] 2025/03/04 15:23:04.685871 RECEIVE from Machine 0 | System time: Mar  4 15:23:04.685 | Queue length: 0 | Logical clock: 84
[Machine 1] 2025/03/04 15:23:04.935933 INTERNAL EVENT | System time: Mar  4 15:23:04.935 | Logical clock: 85
[Machine 1] 2025/03/04 15:23:05.187741 RECEIVE from Machine 0 | System time: Mar  4 15:23:05.185 | Queue length: 0 | Logical clock: 86
[Machine 1] 2025/03/04 15:23:05.435984 INTERNAL EVENT | System time: Mar  4 15:23:05.435 | Logical clock: 87
[Machine 1] 2025/03/04 15:23:05.685876 INTERNAL EVENT | System time: Mar  4 15:23:05.685 | Logical clock: 88
[Machine 1] 2025/03/04 15:23:05.935579 RECEIVE from Machine 0 | System time: Mar  4 15:23:05.935 | Queue length: 0 | Logical clock: 90
[Machine 1] 2025/03/04 15:23:06.185364 RECEIVE from Machine 0 | System time: Mar  4 15:23:06.185 | Queue length: 0 | Logical clock: 92
[Machine 1] 2025/03/04 15:23:06.435527 SEND to Machine 2 | System time: Mar  4 15:23:06.435 | Logical clock: 93
[Machine 1] 2025/03/04 15:23:06.689791 RECEIVE from Machine 0 | System time: Mar  4 15:23:06.689 | Queue length: 0 | Logical clock: 94
[Machine 1] 2025/03/04 15:23:06.935936 INTERNAL EVENT | System time: Mar  4 15:23:06.935 | Logical clock: 95
[Machine 1] 2025/03/04 15:23:07.186377 INTERNAL EVENT | System time: Mar  4 15:23:07.186 | Logical clock: 96
[Machine 1] 2025/03/04 15:23:07.436524 RECEIVE from Machine 2 | System time: Mar  4 15:23:07.436 | Queue length: 0 | Logical clock: 99
[Machine 1] 2025/03/04 15:23:07.685196 INTERNAL EVENT | System time: Mar  4 15:23:07.685 | Logical clock: 100
[Machine 1] 2025/03/04 15:23:07.935551 RECEIVE from Machine 0 | System time: Mar  4 15:23:07.935 | Queue length: 0 | Logical clock: 101
[Machine 1] 2025/03/04 15:23:08.185844 INTERNAL EVENT | System time: Mar  4 15:23:08.185 | Logical clock: 102
[Machine 1] 2025/03/04 15:23:08.436253 INTERNAL EVENT | System time: Mar  4 15:23:08.436 | Logical clock: 103
[Machine 1] 2025/03/04 15:23:08.688888 SEND to Machine 0 | System time: Mar  4 15:23:08.688 | Logical clock: 104
[Machine 1] 2025/03/04 15:23:08.938268 RECEIVE from Machine 2 | System time: Mar  4 15:23:08.938 | Queue length: 0 | Logical clock: 107
[Machine 1] 2025/03/04 15:23:09.185456 INTERNAL EVENT | System time: Mar  4 15:23:09.185 | Logical clock: 108
[Machine 1] 2025/03/04 15:23:09.435845 INTERNAL EVENT | System time: Mar  4 15:23:09.435 | Logical clock: 109
[Machine 1] 2025/03/04 15:23:09.689713 RECEIVE from Machine 2 | System time: Mar  4 15:23:09.689 | Queue length: 0 | Logical clock: 110
[Machine 1] 2025/03/04 15:23:09.935180 RECEIVE from Machine 0 | System time: Mar  4 15:23:09.935 | Queue length: 0 | Logical clock: 111
[Machine 1] 2025/03/04 15:23:10.185901 SEND to Machine 2 | System time: Mar  4 15:23:10.185 | Logical clock: 112
[Machine 1] 2025/03/04 15:23:10.436002 INTERNAL EVENT | System time: Mar  4 15:23:10.435 | Logical clock: 113
[Machine 1] 2025/03/04 15:23:10.685422 INTERNAL EVENT | System time: Mar  4 15:23:10.685 | Logical clock: 114
[Machine 1] 2025/03/04 15:23:10.938171 RECEIVE from Machine 2 | System time: Mar  4 15:23:10.938 | Queue length: 0 | Logical clock: 115
[Machine 1] 2025/03/04 15:23:11.186147 INTERNAL EVENT | System time: Mar  4 15:23:11.186 | Logical clock: 116
[Machine 1] 2025/03/04 15:23:11.436030 INTERNAL EVENT | System time: Mar  4 15:23:11.436 | Logical clock: 117
[Machine 1] 2025/03/04 15:23:11.685912 RECEIVE from Machine 2 | System time: Mar  4 15:23:11.685 | Queue length: 0 | Logical clock: 118
[Machine 1] 2025/03/04 15:23:11.936401 SEND to Machine 0 | System time: Mar  4 15:23:11.936 | Logical clock: 119
[Machine 1] 2025/03/04 15:23:12.185860 RECEIVE from Machine 2 | System time: Mar  4 15:23:12.185 | Queue length: 0 | Logical clock: 120
[Machine 1] 2025/03/04 15:23:12.436123 SEND to Machine 0 | System time: Mar  4 15:23:12.436 | Logical clock: 121
[Machine 1] 2025/03/04 15:23:12.685907 INTERNAL EVENT | System time: Mar  4 15:23:12.685 | Logical clock: 122
[Machine 1] 2025/03/04 15:23:12.935273 INTERNAL EVENT | System time: Mar  4 15:23:12.935 | Logical clock: 123
[Machine 1] 2025/03/04 15:23:13.186753 RECEIVE from Machine 2 | System time: Mar  4 15:23:13.186 | Queue length: 1 | Logical clock: 124
[Machine 1] 2025/03/04 15:23:13.435897 RECEIVE from Machine 2 | System time: Mar  4 15:23:13.435 | Queue length: 0 | Logical clock: 125
[Machine 1] 2025/03/04 15:23:13.688507 INTERNAL EVENT | System time: Mar  4 15:23:13.688 | Logical clock: 126
[Machine 1] 2025/03/04 15:23:13.936343 MULTICAST | System time: Mar  4 15:23:13.936 | Logical clock: 127
[Machine 1] 2025/03/04 15:23:14.185873 INTERNAL EVENT | System time: Mar  4 15:23:14.185 | Logical clock: 128
[Machine 1] 2025/03/04 15:23:14.435275 INTERNAL EVENT | System time: Mar  4 15:23:14.435 | Logical clock: 129
[Machine 1] 2025/03/04 15:23:14.685927 INTERNAL EVENT | System time: Mar  4 15:23:14.685 | Logical clock: 130
[Machine 1] 2025/03/04 15:23:14.936130 RECEIVE from Machine 0 | System time: Mar  4 15:23:14.936 | Queue length: 0 | Logical clock: 136
[Machine 1] 2025/03/04 15:23:15.186223 RECEIVE from Machine 0 | System time: Mar  4 15:23:15.186 | Queue length: 0 | Logical clock: 137
[Machine 1] 2025/03/04 15:23:15.436272 SEND to Machine 0 | System time: Mar  4 15:23:15.436 | Logical clock: 138
[Machine 1] 2025/03/04 15:23:15.685922 INTERNAL EVENT | System time: Mar  4 15:23:15.685 | Logical clock: 139
[Machine 1] 2025/03/04 15:23:15.936105 SEND to Machine 0 | System time: Mar  4 15:23:15.936 | Logical clock: 140
[Machine 1] 2025/03/04 15:23:16.185831 RECEIVE from Machine 2 | System time: Mar  4 15:23:16.185 | Queue length: 0 | Logical clock: 142
[Machine 1] 2025/03/04 15:23:16.435945 INTERNAL EVENT | System time: Mar  4 15:23:16.435 | Logical clock: 143
[Machine 1] 2025/03/04 15:23:16.685915 INTERNAL EVENT | System time: Mar  4 15:23:16.685 | Logical clock: 144
[Machine 1] 2025/03/04 15:23:16.936430 RECEIVE from Machine 2 | System time: Mar  4 15:23:16.936 | Queue length: 1 | Logical clock: 145
[Machine 1] 2025/03/04 15:23:17.185907 RECEIVE from Machine 0 | System time: Mar  4 15:23:17.185 | Queue length: 0 | Logical clock: 146
[Machine 1] 2025/03/04 15:23:17.435896 RECEIVE from Machine 0 | System time: Mar  4 15:23:17.435 | Queue length: 0 | Logical clock: 149
[Machine 1] 2025/03/04 15:23:17.687501 MULTICAST | System time: Mar  4 15:23:17.687 | Logical clock: 150
[Machine 1] 2025/03/04 15:23:17.935868 RECEIVE from Machine 2 | System time: Mar  4 15:23:17.935 | Queue length: 0 | Logical clock: 151
[Machine 1] 2025/03/04 15:23:18.186184 MULTICAST | System time: Mar  4 15:23:18.186 | Logical clock: 152
[Machine 1] 2025/03/04 15:23:18.435879 INTERNAL EVENT | System time: Mar  4 15:23:18.435 | Logical clock: 153
[Machine 1] 2025/03/04 15:23:18.685866 RECEIVE from Machine 0 | System time: Mar  4 15:23:18.685 | Queue length: 0 | Logical clock: 156
[Machine 1] 2025/03/04 15:23:18.936215 INTERNAL EVENT | System time: Mar  4 15:23:18.936 | Logical clock: 157
[Machine 1] 2025/03/04 15:23:19.185886 INTERNAL EVENT | System time: Mar  4 15:23:19.185 | Logical clock: 158
[Machine 1] 2025/03/04 15:23:19.436419 INTERNAL EVENT | System time: Mar  4 15:23:19.436 | Logical clock: 159
[Machine 1] 2025/03/04 15:23:19.685984 MULTICAST | System time: Mar  4 15:23:19.685 | Logical clock: 160
[Machine 1] 2025/03/04 15:23:19.936132 RECEIVE from Machine 2 | System time: Mar  4 15:23:19.936 | Queue length: 0 | Logical clock: 161
[Machine 1] 2025/03/04 15:23:20.186125 SEND to Machine 0 | System time: Mar  4 15:23:20.186 | Logical clock: 162
[Machine 1] 2025/03/04 15:23:20.438032 INTERNAL EVENT | System time: Mar  4 15:23:20.438 | Logical clock: 163
[Machine 1] 2025/03/04 15:23:20.686010 SEND to Machine 0 | System time: Mar  4 15:23:20.686 | Logical clock: 164
[Machine 1] 2025/03/04 15:23:20.935529 INTERNAL EVENT | System time: Mar  4 15:23:20.935 | Logical clock: 165
[Machine 1] 2025/03/04 15:23:21.185927 INTERNAL EVENT | System time: Mar  4 15:23:21.185 | Logical clock: 166
[Machine 1] 2025/03/04 15:23:21.435988 INTERNAL EVENT | System time: Mar  4 15:23:21.435 | Logical clock: 167
[Machine 1] 2025/03/04 15:23:21.686090 SEND to Machine 0 | System time: Mar  4 15:23:21.686 | Logical clock: 168
[Machine 1] 2025/03/04 15:23:21.936338 INTERNAL EVENT | System time: Mar  4 15:23:21.936 | Logical clock: 169
[Machine 1] 2025/03/04 15:23:22.186000 RECEIVE from Machine 2 | System time: Mar  4 15:23:22.185 | Queue length: 1 | Logical clock: 170
[Machine 1] 2025/03/04 15:23:22.435873 RECEIVE from Machine 0 | System time: Mar  4 15:23:22.435 | Queue length: 1 | Logical clock: 173
[Machine 1] 2025/03/04 15:23:22.685884 RECEIVE from Machine 0 | System time: Mar  4 15:23:22.685 | Queue length: 1 | Logical clock: 175
[Machine 1] 2025/03/04 15:23:22.935778 RECEIVE from Machine 0 | System time: Mar  4 15:23:22.935 | Queue length: 0 | Logical clock: 176
[Machine 1] 2025/03/04 15:23:23.185881 RECEIVE from Machine 2 | System time: Mar  4 15:23:23.185 | Queue length: 0 | Logical clock: 177
[Machine 1] 2025/03/04 15:23:23.435231 RECEIVE from Machine 2 | System time: Mar  4 15:23:23.435 | Queue length: 1 | Logical clock: 178
[Machine 1] 2025/03/04 15:23:23.685912 RECEIVE from Machine 0 | System time: Mar  4 15:23:23.685 | Queue length: 0 | Logical clock: 180
[Machine 1] 2025/03/04 15:23:23.935924 INTERNAL EVENT | System time: Mar  4 15:23:23.935 | Logical clock: 181
[Machine 1] 2025/03/04 15:23:24.185912 RECEIVE from Machine 0 | System time: Mar  4 15:23:24.185 | Queue length: 0 | Logical clock: 184
[Machine 1] 2025/03/04 15:23:24.435917 INTERNAL EVENT | System time: Mar  4 15:23:24.435 | Logical clock: 185
[Machine 1] 2025/03/04 15:23:24.686198 SEND to Machine 2 | System time: Mar  4 15:23:24.686 | Logical clock: 186
[Machine 1] 2025/03/04 15:23:24.936312 RECEIVE from Machine 0 | System time: Mar  4 15:23:24.936 | Queue length: 0 | Logical clock: 187
[Machine 1] 2025/03/04 15:23:25.186132 INTERNAL EVENT | System time: Mar  4 15:23:25.186 | Logical clock: 188
[Machine 1] 2025/03/04 15:23:25.435940 INTERNAL EVENT | System time: Mar  4 15:23:25.435 | Logical clock: 189
[Machine 1] 2025/03/04 15:23:25.685883 RECEIVE from Machine 0 | System time: Mar  4 15:23:25.685 | Queue length: 0 | Logical clock: 191
[Machine 1] 2025/03/04 15:23:25.936189 INTERNAL EVENT | System time: Mar  4 15:23:25.936 | Logical clock: 192
[Machine 1] 2025/03/04 15:23:26.185916 RECEIVE from Machine 0 | System time: Mar  4 15:23:26.185 | Queue length: 1 | Logical clock: 193
[Machine 1] 2025/03/04 15:23:26.435933 RECEIVE from Machine 2 | System time: Mar  4 15:23:26.435 | Queue length: 0 | Logical clock: 194
[Machine 1] 2025/03/04 15:23:26.685983 RECEIVE from Machine 0 | System time: Mar  4 15:23:26.685 | Queue length: 0 | Logical clock: 196
[Machine 1] 2025/03/04 15:23:26.935992 INTERNAL EVENT | System time: Mar  4 15:23:26.935 | Logical clock: 197
[Machine 1] 2025/03/04 15:23:27.185075 RECEIVE from Machine 2 | System time: Mar  4 15:23:27.185 | Queue length: 0 | Logical clock: 198
[Machine 1] 2025/03/04 15:23:27.436026 INTERNAL EVENT | System time: Mar  4 15:23:27.436 | Logical clock: 199
[Machine 1] 2025/03/04 15:23:27.685972 INTERNAL EVENT | System time: Mar  4 15:23:27.685 | Logical clock: 200
[Machine 1] 2025/03/04 15:23:27.936039 INTERNAL EVENT | System time: Mar  4 15:23:27.935 | Logical clock: 201
[Machine 1] 2025/03/04 15:23:28.185958 RECEIVE from Machine 0 | System time: Mar  4 15:23:28.185 | Queue length: 0 | Logical clock: 203
[Machine 1] 2025/03/04 15:23:28.435964 INTERNAL EVENT | System time: Mar  4 15:23:28.435 | Logical clock: 204
[Machine 1] 2025/03/04 15:23:28.685916 INTERNAL EVENT | System time: Mar  4 15:23:28.685 | Logical clock: 205
[Machine 1] 2025/03/04 15:23:28.936086 RECEIVE from Machine 0 | System time: Mar  4 15:23:28.936 | Queue length: 0 | Logical clock: 207
[Machine 1] 2025/03/04 15:23:29.185964 RECEIVE from Machine 0 | System time: Mar  4 15:23:29.185 | Queue length: 0 | Logical clock: 209
[Machine 1] 2025/03/04 15:23:29.435976 INTERNAL EVENT | System time: Mar  4 15:23:29.435 | Logical clock: 210
[Machine 1] 2025/03/04 15:23:29.686068 INTERNAL EVENT | System time: Mar  4 15:23:29.686 | Logical clock: 211
[Machine 1] 2025/03/04 15:23:29.936225 INTERNAL EVENT | System time: Mar  4 15:23:29.936 | Logical clock: 212
[Machine 1] 2025/03/04 15:23:30.186075 RECEIVE from Machine 2 | System time: Mar  4 15:23:30.186 | Queue length: 0 | Logical clock: 213
[Machine 1] 2025/03/04 15:23:30.435084 RECEIVE from Machine 2 | System time: Mar  4 15:23:30.435 | Queue length: 0 | Logical clock: 214
[Machine 1] 2025/03/04 15:23:30.685476 INTERNAL EVENT | System time: Mar  4 15:23:30.685 | Logical clock: 215
[Machine 1] 2025/03/04 15:23:30.936061 RECEIVE from Machine 0 | System time: Mar  4 15:23:30.936 | Queue length: 0 | Logical clock: 217
[Machine 1] 2025/03/04 15:23:31.185942 RECEIVE from Machine 0 | System time: Mar  4 15:23:31.185 | Queue length: 0 | Logical clock: 219
[Machine 1] 2025/03/04 15:23:31.436647 RECEIVE from Machine 2 | System time: Mar  4 15:23:31.436 | Queue length: 0 | Logical clock: 220
[Machine 1] 2025/03/04 15:23:31.685463 SEND to Machine 0 | System time: Mar  4 15:23:31.685 | Logical clock: 221
[Machine 1] 2025/03/04 15:23:31.935969 RECEIVE from Machine 2 | System time: Mar  4 15:23:31.935 | Queue length: 0 | Logical clock: 222
[Machine 1] 2025/03/04 15:23:32.186296 SEND to Machine 2 | System time: Mar  4 15:23:32.186 | Logical clock: 223
[Machine 1] 2025/03/04 15:23:32.436993 INTERNAL EVENT | System time: Mar  4 15:23:32.436 | Logical clock: 224
[Machine 1] 2025/03/04 15:23:32.686392 SEND to Machine 0 | System time: Mar  4 15:23:32.686 | Logical clock: 225
[Machine 1] 2025/03/04 15:23:32.936640 SEND to Machine 0 | System time: Mar  4 15:23:32.936 | Logical clock: 226
[Machine 1] 2025/03/04 15:23:33.186328 SEND to Machine 2 | System time: Mar  4 15:23:33.186 | Logical clock: 227
[Machine 1] 2025/03/04 15:23:33.435996 RECEIVE from Machine 0 | System time: Mar  4 15:23:33.435 | Queue length: 0 | Logical clock: 231
[Machine 1] 2025/03/04 15:23:33.685985 INTERNAL EVENT | System time: Mar  4 15:23:33.685 | Logical clock: 232
[Machine 1] 2025/03/04 15:23:33.936490 RECEIVE from Machine 0 | System time: Mar  4 15:23:33.936 | Queue length: 0 | Logical clock: 233
[Machine 1] 2025/03/04 15:23:34.186194 SEND to Machine 0 | System time: Mar  4 15:23:34.186 | Logical clock: 234
[Machine 1] 2025/03/04 15:23:34.436290 INTERNAL EVENT | System time: Mar  4 15:23:34.436 | Logical clock: 235
[Machine 1] 2025/03/04 15:23:34.685972 RECEIVE from Machine 2 | System time: Mar  4 15:23:34.685 | Queue length: 1 | Logical clock: 236
[Machine 1] 2025/03/04 15:23:34.936079 RECEIVE from Machine 0 | System time: Mar  4 15:23:34.936 | Queue length: 0 | Logical clock: 237
[Machine 1] 2025/03/04 15:23:35.185956 RECEIVE from Machine 0 | System time: Mar  4 15:23:35.185 | Queue length: 1 | Logical clock: 239
[Machine 1] 2025/03/04 15:23:35.435985 RECEIVE from Machine 0 | System time: Mar  4 15:23:35.435 | Queue length: 1 | Logical clock: 240
[Machine 1] 2025/03/04 15:23:35.686080 RECEIVE from Machine 0 | System time: Mar  4 15:23:35.686 | Queue length: 0 | Logical clock: 241
[Machine 1] 2025/03/04 15:23:35.936362 SEND to Machine 0 | System time: Mar  4 15:23:35.936 | Logical clock: 242
[Machine 1] 2025/03/04 15:23:36.186012 RECEIVE from Machine 2 | System time: Mar  4 15:23:36.185 | Queue length: 0 | Logical clock: 244
[Machine 1] 2025/03/04 15:23:36.435998 RECEIVE from Machine 0 | System time: Mar  4 15:23:36.435 | Queue length: 0 | Logical clock: 246
[Machine 1] 2025/03/04 15:23:36.686292 SEND to Machine 2 | System time: Mar  4 15:23:36.686 | Logical clock: 247
[Machine 1] 2025/03/04 15:23:36.936094 RECEIVE from Machine 2 | System time: Mar  4 15:23:36.936 | Queue length: 0 | Logical clock: 248
[Machine 1] 2025/03/04 15:23:37.186086 INTERNAL EVENT | System time: Mar  4 15:23:37.186 | Logical clock: 249
[Machine 1] 2025/03/04 15:23:37.436042 INTERNAL EVENT | System time: Mar  4 15:23:37.436 | Logical clock: 250
[Machine 1] 2025/03/04 15:23:37.685304 RECEIVE from Machine 2 | System time: Mar  4 15:23:37.685 | Queue length: 0 | Logical clock: 251
[Machine 1] 2025/03/04 15:23:37.938575 MULTICAST | System time: Mar  4 15:23:37.938 | Logical clock: 252
[Machine 1] 2025/03/04 15:23:38.186565 SEND to Machine 0 | System time: Mar  4 15:23:38.186 | Logical clock: 253
[Machine 1] 2025/03/04 15:23:38.436304 INTERNAL EVENT | System time: Mar  4 15:23:38.436 | Logical clock: 254
[Machine 1] 2025/03/04 15:23:38.686275 MULTICAST | System time: Mar  4 15:23:38.686 | Logical clock: 255
[Machine 1] 2025/03/04 15:23:38.936089 INTERNAL EVENT | System time: Mar  4 15:23:38.936 | Logical clock: 256
[Machine 1] 2025/03/04 15:23:39.185256 INTERNAL EVENT | System time: Mar  4 15:23:39.185 | Logical clock: 257
[Machine 1] 2025/03/04 15:23:39.436110 INTERNAL EVENT | System time: Mar  4 15:23:39.436 | Logical clock: 258
[Machine 1] 2025/03/04 15:23:39.687204 RECEIVE from Machine 0 | System time: Mar  4 15:23:39.687 | Queue length: 0 | Logical clock: 262
[Machine 1] 2025/03/04 15:23:39.945411 RECEIVE from Machine 2 | System time: Mar  4 15:23:39.945 | Queue length: 0 | Logical clock: 263
[Machine 1] 2025/03/04 15:23:40.186070 INTERNAL EVENT | System time: Mar  4 15:23:40.186 | Logical clock: 264
[Machine 1] 2025/03/04 15:23:40.436074 INTERNAL EVENT | System time: Mar  4 15:23:40.436 | Logical clock: 265
[Machine 1] 2025/03/04 15:23:40.685403 RECEIVE from Machine 0 | System time: Mar  4 15:23:40.685 | Queue length: 0 | Logical clock: 267
[Machine 1] 2025/03/04 15:23:40.937531 INTERNAL EVENT | System time: Mar  4 15:23:40.937 | Logical clock: 268
[Machine 1] 2025/03/04 15:23:41.186296 MULTICAST | System time: Mar  4 15:23:41.186 | Logical clock: 269
[Machine 1] 2025/03/04 15:23:41.436405 INTERNAL EVENT | System time: Mar  4 15:23:41.436 | Logical clock: 270
[Machine 1] 2025/03/04 15:23:41.686050 INTERNAL EVENT | System time: Mar  4 15:23:41.686 | Logical clock: 271
[Machine 1] 2025/03/04 15:23:41.936396 RECEIVE from Machine 2 | System time: Mar  4 15:23:41.936 | Queue length: 0 | Logical clock: 273
[Machine 1] 2025/03/04 15:23:42.185438 RECEIVE from Machine 0 | System time: Mar  4 15:23:42.185 | Queue length: 0 | Logical clock: 275
[Machine 1] 2025/03/04 15:23:42.436066 INTERNAL EVENT | System time: Mar  4 15:23:42.436 | Logical clock: 276
[Machine 1] 2025/03/04 15:23:42.685951 INTERNAL EVENT | System time: Mar  4 15:23:42.685 | Logical clock: 277
[Machine 1] 2025/03/04 15:23:42.936193 SEND to Machine 0 | System time: Mar  4 15:23:42.936 | Logical clock: 278
[Machine 1] 2025/03/04 15:23:43.186311 MULTICAST | System time: Mar  4 15:23:43.186 | Logical clock: 279
[Machine 1] 2025/03/04 15:23:43.436065 INTERNAL EVENT | System time: Mar  4 15:23:43.436 | Logical clock: 280
[Machine 1] 2025/03/04 15:23:43.687805 SEND to Machine 2 | System time: Mar  4 15:23:43.687 | Logical clock: 281
[Machine 1] 2025/03/04 15:23:43.936073 RECEIVE from Machine 2 | System time: Mar  4 15:23:43.936 | Queue length: 0 | Logical clock: 282
[Machine 1] 2025/03/04 15:23:44.186201 INTERNAL EVENT | System time: Mar  4 15:23:44.186 | Logical clock: 283
[Machine 1] 2025/03/04 15:23:44.436020 INTERNAL EVENT | System time: Mar  4 15:23:44.435 | Logical clock: 284
[Machine 1] 2025/03/04 15:23:44.686309 RECEIVE from Machine 2 | System time: Mar  4 15:23:44.686 | Queue length: 1 | Logical clock: 285
[Machine 1] 2025/03/04 15:23:44.936063 RECEIVE from Machine 2 | System time: Mar  4 15:23:44.936 | Queue length: 0 | Logical clock: 286
[Machine 1] 2025/03/04 15:23:45.185516 RECEIVE from Machine 0 | System time: Mar  4 15:23:45.185 | Queue length: 0 | Logical clock: 290
[Machine 1] 2025/03/04 15:23:45.435997 INTERNAL EVENT | System time: Mar  4 15:23:45.435 | Logical clock: 291
[Machine 1] 2025/03/04 15:23:45.685975 INTERNAL EVENT | System time: Mar  4 15:23:45.685 | Logical clock: 292
[Machine 1] 2025/03/04 15:23:45.936700 RECEIVE from Machine 2 | System time: Mar  4 15:23:45.936 | Queue length: 1 | Logical clock: 293
[Machine 1] 2025/03/04 15:23:46.185714 RECEIVE from Machine 0 | System time: Mar  4 15:23:46.185 | Queue length: 0 | Logical clock: 294
[Machine 1] 2025/03/04 15:23:46.435391 INTERNAL EVENT | System time: Mar  4 15:23:46.435 | Logical clock: 295
[Machine 1] 2025/03/04 15:23:46.687676 INTERNAL EVENT | System time: Mar  4 15:23:46.687 | Logical clock: 296
[Machine 1] 2025/03/04 15:23:46.935861 RECEIVE from Machine 2 | System time: Mar  4 15:23:46.935 | Queue length: 0 | Logical clock: 297
[Machine 1] 2025/03/04 15:23:47.186206 INTERNAL EVENT | System time: Mar  4 15:23:47.186 | Logical clock: 298
[Machine 1] 2025/03/04 15:23:47.436608 RECEIVE from Machine 2 | System time: Mar  4 15:23:47.436 | Queue length: 1 | Logical clock: 299
[Machine 1] 2025/03/04 15:23:47.686485 RECEIVE from Machine 2 | System time: Mar  4 15:23:47.686 | Queue length: 1 | Logical clock: 300
[Machine 1] 2025/03/04 15:23:47.936536 RECEIVE from Machine 0 | System time: Mar  4 15:23:47.936 | Queue length: 1 | Logical clock: 302
